e:\projects\geant4.net\pmt\build\pmt.dir\relwithdebinfo\vc141.pdb
e:\projects\geant4.net\pmt\build\pmt.dir\relwithdebinfo\trackingaction.obj
e:\projects\geant4.net\pmt\build\pmt.dir\relwithdebinfo\stepmax.obj
e:\projects\geant4.net\pmt\build\pmt.dir\relwithdebinfo\stackingaction.obj
e:\projects\geant4.net\pmt\build\pmt.dir\relwithdebinfo\scintillatorsd.obj
e:\projects\geant4.net\pmt\build\pmt.dir\relwithdebinfo\scinthit.obj
e:\projects\geant4.net\pmt\build\pmt.dir\relwithdebinfo\scopticalhit.obj
e:\projects\geant4.net\pmt\build\pmt.dir\relwithdebinfo\runaction.obj
e:\projects\geant4.net\pmt\build\pmt.dir\relwithdebinfo\primarygeneratoraction.obj
e:\projects\geant4.net\pmt\build\pmt.dir\relwithdebinfo\physicslist.obj
e:\projects\geant4.net\pmt\build\pmt.dir\relwithdebinfo\opticalphysics.obj
e:\projects\geant4.net\pmt\build\pmt.dir\relwithdebinfo\histomanager.obj
e:\projects\geant4.net\pmt\build\pmt.dir\relwithdebinfo\histo.obj
e:\projects\geant4.net\pmt\build\pmt.dir\relwithdebinfo\extraphysics.obj
e:\projects\geant4.net\pmt\build\pmt.dir\relwithdebinfo\eventaction.obj
e:\projects\geant4.net\pmt\build\pmt.dir\relwithdebinfo\detectorconstruction_sipm.obj
e:\projects\geant4.net\pmt\build\pmt.dir\relwithdebinfo\cathodesd.obj
e:\projects\geant4.net\pmt\build\pmt.dir\relwithdebinfo\cathodehit.obj
e:\projects\geant4.net\pmt\build\pmt.dir\relwithdebinfo\pmt.obj
e:\projects\geant4.net\pmt\build\cmakefiles\generate.stamp
e:\projects\geant4.net\pmt\build\relwithdebinfo\pmt.exe
e:\projects\geant4.net\pmt\build\relwithdebinfo\pmt.ilk
e:\projects\geant4.net\pmt\build\relwithdebinfo\pmt.pdb
e:\projects\geant4.net\pmt\build\pmt.dir\relwithdebinfo\pmt.tlog\cl.command.1.tlog
e:\projects\geant4.net\pmt\build\pmt.dir\relwithdebinfo\pmt.tlog\cl.read.1.tlog
e:\projects\geant4.net\pmt\build\pmt.dir\relwithdebinfo\pmt.tlog\cl.write.1.tlog
e:\projects\geant4.net\pmt\build\pmt.dir\relwithdebinfo\pmt.tlog\custombuild.command.1.tlog
e:\projects\geant4.net\pmt\build\pmt.dir\relwithdebinfo\pmt.tlog\custombuild.read.1.tlog
e:\projects\geant4.net\pmt\build\pmt.dir\relwithdebinfo\pmt.tlog\custombuild.write.1.tlog
e:\projects\geant4.net\pmt\build\pmt.dir\relwithdebinfo\pmt.tlog\link.command.1.tlog
e:\projects\geant4.net\pmt\build\pmt.dir\relwithdebinfo\pmt.tlog\link.read.1.tlog
e:\projects\geant4.net\pmt\build\pmt.dir\relwithdebinfo\pmt.tlog\link.write.1.tlog
