Determining if the Q_WS_WIN exist failed with the following output:
Change Dir: /home/ovtin/development/simulation/PMT/PMT_build/CMakeFiles/CMakeTmp

Run Build Command:"/usr/bin/gmake" "cmTC_581cf/fast"
/usr/bin/gmake -f CMakeFiles/cmTC_581cf.dir/build.make CMakeFiles/cmTC_581cf.dir/build
gmake[1]: Вход в каталог `/gcf/stark/home/ovtin/development/simulation/PMT/PMT_build/CMakeFiles/CMakeTmp'
Building CXX object CMakeFiles/cmTC_581cf.dir/CheckSymbolExists.cxx.o
/ceph/sw/gcc/7.4.0.1/bin/g++     -o CMakeFiles/cmTC_581cf.dir/CheckSymbolExists.cxx.o -c /home/ovtin/development/simulation/PMT/PMT_build/CMakeFiles/CMakeTmp/CheckSymbolExists.cxx
/home/ovtin/development/simulation/PMT/PMT_build/CMakeFiles/CMakeTmp/CheckSymbolExists.cxx: В функции «int main(int, char**)»:
/home/ovtin/development/simulation/PMT/PMT_build/CMakeFiles/CMakeTmp/CheckSymbolExists.cxx:8:19: ошибка: нет декларации «Q_WS_WIN» в этой области видимости
   return ((int*)(&Q_WS_WIN))[argc];
                   ^~~~~~~~
/home/ovtin/development/simulation/PMT/PMT_build/CMakeFiles/CMakeTmp/CheckSymbolExists.cxx:8:19: замечание: suggested alternative: «Q_WS_X11»
   return ((int*)(&Q_WS_WIN))[argc];
                   ^~~~~~~~
                   Q_WS_X11
gmake[1]: *** [CMakeFiles/cmTC_581cf.dir/CheckSymbolExists.cxx.o] Ошибка 1
gmake[1]: Выход из каталога `/gcf/stark/home/ovtin/development/simulation/PMT/PMT_build/CMakeFiles/CMakeTmp'
gmake: *** [cmTC_581cf/fast] Ошибка 2

File /home/ovtin/development/simulation/PMT/PMT_build/CMakeFiles/CMakeTmp/CheckSymbolExists.cxx:
/* */
#include <QtCore/qglobal.h>

int main(int argc, char** argv)
{
  (void)argv;
#ifndef Q_WS_WIN
  return ((int*)(&Q_WS_WIN))[argc];
#else
  (void)argc;
  return 0;
#endif
}

Determining if the Q_WS_QWS exist failed with the following output:
Change Dir: /home/ovtin/development/simulation/PMT/PMT_build/CMakeFiles/CMakeTmp

Run Build Command:"/usr/bin/gmake" "cmTC_85359/fast"
/usr/bin/gmake -f CMakeFiles/cmTC_85359.dir/build.make CMakeFiles/cmTC_85359.dir/build
gmake[1]: Вход в каталог `/gcf/stark/home/ovtin/development/simulation/PMT/PMT_build/CMakeFiles/CMakeTmp'
Building CXX object CMakeFiles/cmTC_85359.dir/CheckSymbolExists.cxx.o
/ceph/sw/gcc/7.4.0.1/bin/g++     -o CMakeFiles/cmTC_85359.dir/CheckSymbolExists.cxx.o -c /home/ovtin/development/simulation/PMT/PMT_build/CMakeFiles/CMakeTmp/CheckSymbolExists.cxx
/home/ovtin/development/simulation/PMT/PMT_build/CMakeFiles/CMakeTmp/CheckSymbolExists.cxx: В функции «int main(int, char**)»:
/home/ovtin/development/simulation/PMT/PMT_build/CMakeFiles/CMakeTmp/CheckSymbolExists.cxx:8:19: ошибка: нет декларации «Q_WS_QWS» в этой области видимости
   return ((int*)(&Q_WS_QWS))[argc];
                   ^~~~~~~~
/home/ovtin/development/simulation/PMT/PMT_build/CMakeFiles/CMakeTmp/CheckSymbolExists.cxx:8:19: замечание: suggested alternative: «Q_WS_X11»
   return ((int*)(&Q_WS_QWS))[argc];
                   ^~~~~~~~
                   Q_WS_X11
gmake[1]: *** [CMakeFiles/cmTC_85359.dir/CheckSymbolExists.cxx.o] Ошибка 1
gmake[1]: Выход из каталога `/gcf/stark/home/ovtin/development/simulation/PMT/PMT_build/CMakeFiles/CMakeTmp'
gmake: *** [cmTC_85359/fast] Ошибка 2

File /home/ovtin/development/simulation/PMT/PMT_build/CMakeFiles/CMakeTmp/CheckSymbolExists.cxx:
/* */
#include <QtCore/qglobal.h>

int main(int argc, char** argv)
{
  (void)argv;
#ifndef Q_WS_QWS
  return ((int*)(&Q_WS_QWS))[argc];
#else
  (void)argc;
  return 0;
#endif
}

Determining if the Q_WS_MAC exist failed with the following output:
Change Dir: /home/ovtin/development/simulation/PMT/PMT_build/CMakeFiles/CMakeTmp

Run Build Command:"/usr/bin/gmake" "cmTC_9bc5d/fast"
/usr/bin/gmake -f CMakeFiles/cmTC_9bc5d.dir/build.make CMakeFiles/cmTC_9bc5d.dir/build
gmake[1]: Вход в каталог `/gcf/stark/home/ovtin/development/simulation/PMT/PMT_build/CMakeFiles/CMakeTmp'
Building CXX object CMakeFiles/cmTC_9bc5d.dir/CheckSymbolExists.cxx.o
/ceph/sw/gcc/7.4.0.1/bin/g++     -o CMakeFiles/cmTC_9bc5d.dir/CheckSymbolExists.cxx.o -c /home/ovtin/development/simulation/PMT/PMT_build/CMakeFiles/CMakeTmp/CheckSymbolExists.cxx
/home/ovtin/development/simulation/PMT/PMT_build/CMakeFiles/CMakeTmp/CheckSymbolExists.cxx: В функции «int main(int, char**)»:
/home/ovtin/development/simulation/PMT/PMT_build/CMakeFiles/CMakeTmp/CheckSymbolExists.cxx:8:19: ошибка: нет декларации «Q_WS_MAC» в этой области видимости
   return ((int*)(&Q_WS_MAC))[argc];
                   ^~~~~~~~
/home/ovtin/development/simulation/PMT/PMT_build/CMakeFiles/CMakeTmp/CheckSymbolExists.cxx:8:19: замечание: suggested alternative: «Q_WS_X11»
   return ((int*)(&Q_WS_MAC))[argc];
                   ^~~~~~~~
                   Q_WS_X11
gmake[1]: *** [CMakeFiles/cmTC_9bc5d.dir/CheckSymbolExists.cxx.o] Ошибка 1
gmake[1]: Выход из каталога `/gcf/stark/home/ovtin/development/simulation/PMT/PMT_build/CMakeFiles/CMakeTmp'
gmake: *** [cmTC_9bc5d/fast] Ошибка 2

File /home/ovtin/development/simulation/PMT/PMT_build/CMakeFiles/CMakeTmp/CheckSymbolExists.cxx:
/* */
#include <QtCore/qglobal.h>

int main(int argc, char** argv)
{
  (void)argv;
#ifndef Q_WS_MAC
  return ((int*)(&Q_WS_MAC))[argc];
#else
  (void)argc;
  return 0;
#endif
}

