e:\projects\geant4.net\pmt\build\pmt.dir\debug\vc141.pdb
e:\projects\geant4.net\pmt\build\pmt.dir\debug\trackingaction.obj
e:\projects\geant4.net\pmt\build\pmt.dir\debug\stepmax.obj
e:\projects\geant4.net\pmt\build\pmt.dir\debug\stackingaction.obj
e:\projects\geant4.net\pmt\build\pmt.dir\debug\scintillatorsd.obj
e:\projects\geant4.net\pmt\build\pmt.dir\debug\scintillation.obj
e:\projects\geant4.net\pmt\build\pmt.dir\debug\scinthit.obj
e:\projects\geant4.net\pmt\build\pmt.dir\debug\scopticalhit.obj
e:\projects\geant4.net\pmt\build\pmt.dir\debug\runaction.obj
e:\projects\geant4.net\pmt\build\pmt.dir\debug\primarygeneratoraction.obj
e:\projects\geant4.net\pmt\build\pmt.dir\debug\physicslist.obj
e:\projects\geant4.net\pmt\build\pmt.dir\debug\opticalphysics.obj
e:\projects\geant4.net\pmt\build\pmt.dir\debug\histomanager.obj
e:\projects\geant4.net\pmt\build\pmt.dir\debug\histo.obj
e:\projects\geant4.net\pmt\build\pmt.dir\debug\extraphysics.obj
e:\projects\geant4.net\pmt\build\pmt.dir\debug\eventaction.obj
e:\projects\geant4.net\pmt\build\pmt.dir\debug\detectorconstruction_sipm.obj
e:\projects\geant4.net\pmt\build\pmt.dir\debug\cathodesd.obj
e:\projects\geant4.net\pmt\build\pmt.dir\debug\pmt.obj
e:\projects\geant4.net\pmt\build\cmakefiles\generate.stamp
e:\projects\geant4.net\pmt\build\debug\pmt.ilk
e:\projects\geant4.net\pmt\build\debug\pmt.exe
e:\projects\geant4.net\pmt\build\debug\pmt.pdb
e:\projects\geant4.net\pmt\build\pmt.dir\debug\pmt.tlog\cl.command.1.tlog
e:\projects\geant4.net\pmt\build\pmt.dir\debug\pmt.tlog\cl.read.1.tlog
e:\projects\geant4.net\pmt\build\pmt.dir\debug\pmt.tlog\cl.write.1.tlog
e:\projects\geant4.net\pmt\build\pmt.dir\debug\pmt.tlog\custombuild.command.1.tlog
e:\projects\geant4.net\pmt\build\pmt.dir\debug\pmt.tlog\custombuild.read.1.tlog
e:\projects\geant4.net\pmt\build\pmt.dir\debug\pmt.tlog\custombuild.write.1.tlog
e:\projects\geant4.net\pmt\build\pmt.dir\debug\pmt.tlog\link.command.1.tlog
e:\projects\geant4.net\pmt\build\pmt.dir\debug\pmt.tlog\link.read.1.tlog
e:\projects\geant4.net\pmt\build\pmt.dir\debug\pmt.tlog\link.write.1.tlog
